!SESSION 2016-01-16 15:47:16.088 -----------------------------------------------
eclipse.buildId=unknown
java.version=1.8.0_45
java.vendor=Oracle Corporation
BootLoader constants: OS=linux, ARCH=x86_64, WS=gtk, NL=en_US
Command-line arguments:  -os linux -ws gtk -arch x86_64 -console -consoleLog

!ENTRY org.eclipse.equinox.security 4 0 2016-01-16 15:47:27.772
!MESSAGE No password was found. Value of "testvalue" is being stored as a non-encrypted value in the node  "/mondo.test".
!STACK 0
org.eclipse.equinox.security.storage.StorageException: No password was found. Value of "testvalue" is being stored as a non-encrypted value in the node  "/mondo.test".
	at org.eclipse.equinox.internal.security.storage.SecurePreferences.put(SecurePreferences.java:234)
	at org.eclipse.equinox.internal.security.storage.SecurePreferencesWrapper.put(SecurePreferencesWrapper.java:110)
	at uk.ac.york.mondo.integration.server.product.Application.start(Application.java:22)
	at org.eclipse.equinox.internal.app.EclipseAppHandle.run(EclipseAppHandle.java:196)
	at org.eclipse.core.runtime.internal.adaptor.EclipseAppLauncher.runApplication(EclipseAppLauncher.java:134)
	at org.eclipse.core.runtime.internal.adaptor.EclipseAppLauncher.start(EclipseAppLauncher.java:104)
	at org.eclipse.core.runtime.adaptor.EclipseStarter.run(EclipseStarter.java:380)
	at org.eclipse.core.runtime.adaptor.EclipseStarter.run(EclipseStarter.java:235)
	at sun.reflect.NativeMethodAccessorImpl.invoke0(Native Method)
	at sun.reflect.NativeMethodAccessorImpl.invoke(NativeMethodAccessorImpl.java:62)
	at sun.reflect.DelegatingMethodAccessorImpl.invoke(DelegatingMethodAccessorImpl.java:43)
	at java.lang.reflect.Method.invoke(Method.java:497)
	at org.eclipse.equinox.launcher.Main.invokeFramework(Main.java:648)
	at org.eclipse.equinox.launcher.Main.basicRun(Main.java:603)
	at org.eclipse.equinox.launcher.Main.run(Main.java:1465)
	at org.eclipse.equinox.launcher.Main.main(Main.java:1438)
